   0.0 TEL | Telepresence 0.105 launched at Tue Jul 14 14:32:25 2020
   0.0 TEL |   /usr/bin/telepresence
   0.0 TEL | uname: uname_result(system='Linux', node='chrisbox', release='5.4.0-40-generic', version='#44-Ubuntu SMP Tue Jun 23 00:01:04 UTC 2020', machine='x86_64', processor='x86_64')
   0.0 TEL | Platform: linux
   0.0 TEL | WSL: False
   0.0 TEL | Python 3.8.2 (default, Apr 27 2020, 15:53:34)
   0.0 TEL | [GCC 9.3.0]
   0.0 TEL | BEGIN SPAN main.py:40(main)
   0.0 TEL | BEGIN SPAN startup.py:83(set_kube_command)
   0.0 TEL | Found kubectl -> /usr/bin/kubectl
   0.0 TEL | [1] Capturing: kubectl config current-context
   0.3 TEL | [1] captured in 0.24 secs.
   0.3 TEL | [2] Capturing: kubectl --context minikube version --short
   0.4 TEL | [2] captured in 0.13 secs.
   0.4 TEL | [3] Capturing: kubectl --context minikube config view -o json
   0.4 TEL | [3] captured in 0.06 secs.
   0.4 TEL | [4] Capturing: kubectl --context minikube get ns default
   1.2 TEL | [4] captured in 0.76 secs.
   1.2 TEL | [5] Capturing: kubectl --context minikube api-versions
   1.3 TEL | [5] captured in 0.13 secs.
   1.3 TEL | Command: kubectl 1.18.5
   1.3 TEL | Context: minikube, namespace: default, version: 1.18.3
   1.3 TEL | Looks like we're in a local VM, e.g. minikube.
   1.3 TEL | END SPAN startup.py:83(set_kube_command)    1.3s
   1.3 TEL | Found ssh -> /usr/bin/ssh
   1.3 TEL | [6] Capturing: ssh -V
   1.3 TEL | [6] captured in 0.01 secs.
   1.3 TEL | Found bash -> /bin/bash
   1.3 TEL | Found sshuttle-telepresence -> /usr/libexec/sshuttle-telepresence
   1.3 TEL | Found conntrack -> /usr/sbin/conntrack
   1.3 TEL | Found iptables -> /usr/sbin/iptables
   1.3 TEL | Found sudo -> /usr/bin/sudo
   1.3 TEL | [7] Running: sudo -n echo -n
   1.4 TEL | [7] ran in 0.01 secs.
   1.4 TEL | [8] Capturing: sudo iptables --list
   1.6 TEL | [8] captured in 0.24 secs.
   1.6 >>> | Starting proxy with method 'vpn-tcp', which has the following limitations: All processes are affected, only one telepresence can run per machine, and you can't use other VPNs. You may need to add cloud hosts and headless services with --also-proxy. For a full list of method limitations see https://telepresence.io/reference/methods.html
   1.6 TEL | Found sshfs -> /usr/bin/sshfs
   1.6 TEL | Found fusermount -> /bin/fusermount
   1.6 >>> | Volumes are rooted at $TELEPRESENCE_ROOT. See https://telepresence.io/howto/volumes.html for details.
   1.6 TEL | [9] Running: kubectl --context minikube --namespace default get pods telepresence-connectivity-check --ignore-not-found
   1.7 TEL | [9] ran in 0.10 secs.
   2.5 TEL | Scout info: {'latest_version': '0.105', 'application': 'telepresence', 'notices': []}
   2.5 TEL | BEGIN SPAN deployment.py:182(create_new_deployment)
   2.5 >>> | Starting network proxy to cluster using new Deployment telepresence-1594733545-4053156-34514
   2.5 TEL | [10] Running: kubectl --context minikube --namespace default delete --ignore-not-found svc,deploy --selector=telepresence=2fcfa5b19ae24cbbb11c7b1053db0cdd
   2.6  10 | No resources found
   2.6 TEL | [10] ran in 0.10 secs.
   2.6 TEL | [11] Running: kubectl --context minikube --namespace default create -f -
   2.8  11 | deployment.apps/telepresence-1594733545-4053156-34514 created
   2.8 TEL | [11] ran in 0.23 secs.
   2.8 TEL | END SPAN deployment.py:182(create_new_deployment)    0.3s
   2.8 TEL | BEGIN SPAN remote.py:142(get_remote_info)
   2.8 TEL | BEGIN SPAN remote.py:75(get_deployment_json)
   2.8 TEL | [12] Capturing: kubectl --context minikube --namespace default get deployment -o json --selector=telepresence=2fcfa5b19ae24cbbb11c7b1053db0cdd
   2.9 TEL | [12] captured in 0.10 secs.
   2.9 TEL | END SPAN remote.py:75(get_deployment_json)    0.1s
   2.9 TEL | Searching for Telepresence pod:
   2.9 TEL |   with name telepresence-1594733545-4053156-34514-*
   2.9 TEL |   with labels {'telepresence': '2fcfa5b19ae24cbbb11c7b1053db0cdd'}
   2.9 TEL | [13] Capturing: kubectl --context minikube --namespace default get pod -o json --selector=telepresence=2fcfa5b19ae24cbbb11c7b1053db0cdd
   3.0 TEL | [13] captured in 0.09 secs.
   3.0 TEL | Checking telepresence-1594733545-4053156-34514-854c5bc954-59kvq
   3.0 TEL | Looks like we've found our pod!
   3.0 TEL | BEGIN SPAN remote.py:104(wait_for_pod)
   3.0 TEL | [14] Capturing: kubectl --context minikube --namespace default get pod telepresence-1594733545-4053156-34514-854c5bc954-59kvq -o json
   3.1 TEL | [14] captured in 0.09 secs.
   3.4 TEL | [15] Capturing: kubectl --context minikube --namespace default get pod telepresence-1594733545-4053156-34514-854c5bc954-59kvq -o json
   3.5 TEL | [15] captured in 0.09 secs.
   3.7 TEL | [16] Capturing: kubectl --context minikube --namespace default get pod telepresence-1594733545-4053156-34514-854c5bc954-59kvq -o json
   3.8 TEL | [16] captured in 0.09 secs.
   4.1 TEL | [17] Capturing: kubectl --context minikube --namespace default get pod telepresence-1594733545-4053156-34514-854c5bc954-59kvq -o json
   4.2 TEL | [17] captured in 0.10 secs.
   4.4 TEL | [18] Capturing: kubectl --context minikube --namespace default get pod telepresence-1594733545-4053156-34514-854c5bc954-59kvq -o json
   4.5 TEL | [18] captured in 0.10 secs.
   4.8 TEL | [19] Capturing: kubectl --context minikube --namespace default get pod telepresence-1594733545-4053156-34514-854c5bc954-59kvq -o json
   4.9 TEL | [19] captured in 0.10 secs.
   5.1 TEL | [20] Capturing: kubectl --context minikube --namespace default get pod telepresence-1594733545-4053156-34514-854c5bc954-59kvq -o json
   5.2 TEL | [20] captured in 0.09 secs.
   5.5 TEL | [21] Capturing: kubectl --context minikube --namespace default get pod telepresence-1594733545-4053156-34514-854c5bc954-59kvq -o json
   5.6 TEL | [21] captured in 0.10 secs.
   5.8 TEL | [22] Capturing: kubectl --context minikube --namespace default get pod telepresence-1594733545-4053156-34514-854c5bc954-59kvq -o json
   5.9 TEL | [22] captured in 0.10 secs.
   6.2 TEL | [23] Capturing: kubectl --context minikube --namespace default get pod telepresence-1594733545-4053156-34514-854c5bc954-59kvq -o json
   6.3 TEL | [23] captured in 0.11 secs.
   6.5 TEL | [24] Capturing: kubectl --context minikube --namespace default get pod telepresence-1594733545-4053156-34514-854c5bc954-59kvq -o json
   6.6 TEL | [24] captured in 0.10 secs.
   6.9 TEL | [25] Capturing: kubectl --context minikube --namespace default get pod telepresence-1594733545-4053156-34514-854c5bc954-59kvq -o json
   7.0 TEL | [25] captured in 0.10 secs.
   7.2 TEL | [26] Capturing: kubectl --context minikube --namespace default get pod telepresence-1594733545-4053156-34514-854c5bc954-59kvq -o json
   7.3 TEL | [26] captured in 0.10 secs.
   7.6 TEL | [27] Capturing: kubectl --context minikube --namespace default get pod telepresence-1594733545-4053156-34514-854c5bc954-59kvq -o json
   7.7 TEL | [27] captured in 0.09 secs.
   7.9 TEL | [28] Capturing: kubectl --context minikube --namespace default get pod telepresence-1594733545-4053156-34514-854c5bc954-59kvq -o json
   8.0 TEL | [28] captured in 0.09 secs.
   8.2 TEL | [29] Capturing: kubectl --context minikube --namespace default get pod telepresence-1594733545-4053156-34514-854c5bc954-59kvq -o json
   8.3 TEL | [29] captured in 0.09 secs.
   8.6 TEL | [30] Capturing: kubectl --context minikube --namespace default get pod telepresence-1594733545-4053156-34514-854c5bc954-59kvq -o json
   8.7 TEL | [30] captured in 0.09 secs.
   8.9 TEL | [31] Capturing: kubectl --context minikube --namespace default get pod telepresence-1594733545-4053156-34514-854c5bc954-59kvq -o json
   9.0 TEL | [31] captured in 0.09 secs.
   9.3 TEL | [32] Capturing: kubectl --context minikube --namespace default get pod telepresence-1594733545-4053156-34514-854c5bc954-59kvq -o json
   9.3 TEL | [32] captured in 0.08 secs.
   9.6 TEL | [33] Capturing: kubectl --context minikube --namespace default get pod telepresence-1594733545-4053156-34514-854c5bc954-59kvq -o json
   9.7 TEL | [33] captured in 0.09 secs.
   9.9 TEL | [34] Capturing: kubectl --context minikube --namespace default get pod telepresence-1594733545-4053156-34514-854c5bc954-59kvq -o json
  10.0 TEL | [34] captured in 0.08 secs.
  10.3 TEL | [35] Capturing: kubectl --context minikube --namespace default get pod telepresence-1594733545-4053156-34514-854c5bc954-59kvq -o json
  10.3 >>> | Keyboard interrupt (Ctrl-C/Ctrl-Break) pressed
  10.3 >>> | Exit cleanup in progress
  10.3 TEL | (Cleanup) Delete new deployment
  10.3 >>> | Cleaning up Deployment telepresence-1594733545-4053156-34514
  10.3 TEL | [36] Running: kubectl --context minikube --namespace default delete --ignore-not-found svc,deploy --selector=telepresence=2fcfa5b19ae24cbbb11c7b1053db0cdd
  10.4  36 | deployment.apps "telepresence-1594733545-4053156-34514" deleted
  10.4 TEL | [36] ran in 0.13 secs.
  10.4 TEL | (Cleanup) Kill sudo privileges holder
  10.4 TEL | (Cleanup) Stop time tracking
  10.4 TEL | END SPAN main.py:40(main)   10.4s
  10.4 TEL | (Cleanup) Remove temporary directory
  10.4 TEL | (Cleanup) Save caches
  11.4 TEL | (sudo privileges holder thread exiting)
